<?xml version="1.0" encoding="UTF-8"?>
<!-- Generated by org.testng.reporters.JUnitXMLReporter -->
<testsuite hostname="DESKTOP-R8C3CCQ" failures="0" tests="6" name="Test" time="0.093" errors="0" timestamp="25 Feb 2024 10:58:44 GMT">
  <testcase classname="testcases.ChromePTest" name="@BeforeTest setupSelenium" time="0.0">
    <failure type="org.testng.TestNGException" message="
Parameter &amp;apos;browser&amp;apos; is required by @Configuration on method setupSelenium but has not been marked @Optional or defined
in C:\Users\Admin\LamdaTest\PaarallelTest\testng.xml">
      <![CDATA[org.testng.TestNGException: 
Parameter 'browser' is required by @Configuration on method setupSelenium but has not been marked @Optional or defined
in C:\Users\Admin\LamdaTest\PaarallelTest\testng.xml
	at java.base/java.util.concurrent.FutureTask.run(FutureTask.java:264)
	at java.base/java.util.concurrent.ThreadPoolExecutor.runWorker(ThreadPoolExecutor.java:1136)
	at java.base/java.util.concurrent.ThreadPoolExecutor$Worker.run(ThreadPoolExecutor.java:635)
	at java.base/java.lang.Thread.run(Thread.java:833)
... Removed 11 stack frames]]>
    </failure>
  </testcase> <!-- @BeforeTest setupSelenium -->
  <testcase classname="testcases.ChromePTest" name="@BeforeTest setUp" time="0.0">
    <skipped/>
  </testcase> <!-- @BeforeTest setUp -->
  <testcase classname="testcases.ChromePTest" name="@AfterTest tearDown" time="0.0">
    <skipped/>
  </testcase> <!-- @AfterTest tearDown -->
  <testcase classname="testcases.ChromePTest" name="@AfterTest tearDown" time="0.0">
    <skipped/>
  </testcase> <!-- @AfterTest tearDown -->
  <testcase classname="testcases.EdgePTest" name="TestCaseOne" time="0.014">
    <skipped/>
  </testcase> <!-- TestCaseOne -->
  <testcase classname="testcases.ChromePTest" name="TestCaseOne" time="0.001">
    <skipped/>
  </testcase> <!-- TestCaseOne -->
  <testcase classname="testcases.EdgePTest" name="TestCaseTwo" time="0.002">
    <skipped/>
  </testcase> <!-- TestCaseTwo -->
  <testcase classname="testcases.ChromePTest" name="TestCaseTwo" time="0.001">
    <skipped/>
  </testcase> <!-- TestCaseTwo -->
  <testcase classname="testcases.EdgePTest" name="TestCaseThree" time="0.002">
    <skipped/>
  </testcase> <!-- TestCaseThree -->
  <testcase classname="testcases.ChromePTest" name="TestCaseThree" time="0.002">
    <skipped/>
  </testcase> <!-- TestCaseThree -->
</testsuite> <!-- Test -->
