<html>
<head>
<title>TestNG:  Test</title>
<link href="../testng.css" rel="stylesheet" type="text/css" />
<link href="../my-testng.css" rel="stylesheet" type="text/css" />

<style type="text/css">
.log { display: none;} 
.stack-trace { display: none;} 
</style>
<script type="text/javascript">
<!--
function flip(e) {
  current = e.style.display;
  if (current == 'block') {
    e.style.display = 'none';
    return 0;
  }
  else {
    e.style.display = 'block';
    return 1;
  }
}

function toggleBox(szDivId, elem, msg1, msg2)
{
  var res = -1;  if (document.getElementById) {
    res = flip(document.getElementById(szDivId));
  }
  else if (document.all) {
    // this is the way old msie versions work
    res = flip(document.all[szDivId]);
  }
  if(elem) {
    if(res == 0) elem.innerHTML = msg1; else elem.innerHTML = msg2;
  }

}

function toggleAllBoxes() {
  if (document.getElementsByTagName) {
    d = document.getElementsByTagName('div');
    for (i = 0; i < d.length; i++) {
      if (d[i].className == 'log') {
        flip(d[i]);
      }
    }
  }
}

// -->
</script>

</head>
<body>
<h2 align='center'>Test</h2><table border='1' align="center">
<tr>
<td>Tests passed/Failed/Skipped:</td><td>0/0/6</td>
</tr><tr>
<td>Started on:</td><td>Sun Feb 25 16:28:43 IST 2024</td>
</tr>
<tr><td>Total time:</td><td>0 seconds (93 ms)</td>
</tr><tr>
<td>Included groups:</td><td></td>
</tr><tr>
<td>Excluded groups:</td><td></td>
</tr>
</table><p/>
<small><i>(Hover the method name to see the test class name)</i></small><p/>
<table width='100%' border='1' class='invocation-failed'>
<tr><td colspan='4' align='center'><b>FAILED CONFIGURATIONS</b></td></tr>
<tr><td><b>Test method</b></td>
<td width="30%"><b>Exception</b></td>
<td width="10%"><b>Time (seconds)</b></td>
<td><b>Instance</b></td>
</tr>
<tr>
<td title='testcases.ChromePTest.setupSelenium()'><b>setupSelenium</b><br>Test class: testcases.ChromePTest</td>
<td><div><pre>org.testng.TestNGException: 
Parameter &apos;browser&apos; is required by @Configuration on method setupSelenium but has not been marked @Optional or defined
in C:\Users\Admin\LamdaTest\PaarallelTest\testng.xml
	at java.base/java.util.concurrent.FutureTask.run(FutureTask.java:264)
	at java.base/java.util.concurrent.ThreadPoolExecutor.runWorker(ThreadPoolExecutor.java:1136)
	at java.base/java.util.concurrent.ThreadPoolExecutor$Worker.run(ThreadPoolExecutor.java:635)
	at java.base/java.lang.Thread.run(Thread.java:833)
... Removed 11 stack frames</pre></div><a href='#' onClick='toggleBox("stack-trace1946183747", this, "Click to show all stack frames", "Click to hide stack frames")'>Click to show all stack frames</a>
<div class='stack-trace' id='stack-trace1946183747'><pre>org.testng.TestNGException: 
Parameter &apos;browser&apos; is required by @Configuration on method setupSelenium but has not been marked @Optional or defined
in C:\Users\Admin\LamdaTest\PaarallelTest\testng.xml
	at org.testng.internal.Parameters.createParameters(Parameters.java:155)
	at org.testng.internal.Parameters.createParameters(Parameters.java:358)
	at org.testng.internal.Parameters.createConfigurationParameters(Parameters.java:86)
	at org.testng.internal.Invoker.invokeConfigurations(Invoker.java:199)
	at org.testng.internal.Invoker.invokeConfigurations(Invoker.java:138)
	at org.testng.TestRunner.beforeRun(TestRunner.java:641)
	at org.testng.TestRunner.run(TestRunner.java:609)
	at org.testng.SuiteRunner.runTest(SuiteRunner.java:348)
	at org.testng.SuiteRunner.access$000(SuiteRunner.java:38)
	at org.testng.SuiteRunner$SuiteWorker.run(SuiteRunner.java:382)
	at org.testng.internal.thread.ThreadUtil$2.call(ThreadUtil.java:64)
	at java.base/java.util.concurrent.FutureTask.run(FutureTask.java:264)
	at java.base/java.util.concurrent.ThreadPoolExecutor.runWorker(ThreadPoolExecutor.java:1136)
	at java.base/java.util.concurrent.ThreadPoolExecutor$Worker.run(ThreadPoolExecutor.java:635)
	at java.base/java.lang.Thread.run(Thread.java:833)
</pre></div></td>
<td>0</td>
<td>null</td></tr>
</table><p>
<table width='100%' border='1' class='invocation-skipped'>
<tr><td colspan='4' align='center'><b>SKIPPED CONFIGURATIONS</b></td></tr>
<tr><td><b>Test method</b></td>
<td width="30%"><b>Exception</b></td>
<td width="10%"><b>Time (seconds)</b></td>
<td><b>Instance</b></td>
</tr>
<tr>
<td title='testcases.ChromePTest.setUp()'><b>setUp</b><br>Test class: testcases.ChromePTest</td>
<td></td>
<td>0</td>
<td>null</td></tr>
<tr>
<td title='testcases.ChromePTest.tearDown()'><b>tearDown</b><br>Test class: testcases.ChromePTest</td>
<td></td>
<td>0</td>
<td>null</td></tr>
<tr>
<td title='testcases.ChromePTest.tearDown()'><b>tearDown</b><br>Test class: testcases.ChromePTest</td>
<td></td>
<td>0</td>
<td>null</td></tr>
</table><p>
<table width='100%' border='1' class='invocation-skipped'>
<tr><td colspan='4' align='center'><b>SKIPPED TESTS</b></td></tr>
<tr><td><b>Test method</b></td>
<td width="30%"><b>Exception</b></td>
<td width="10%"><b>Time (seconds)</b></td>
<td><b>Instance</b></td>
</tr>
<tr>
<td title='testcases.EdgePTest.TestCaseOne()'><b>TestCaseOne</b><br>Test class: testcases.EdgePTest</td>
<td></td>
<td>0</td>
<td>testcases.EdgePTest@7e5c856f</td></tr>
<tr>
<td title='testcases.ChromePTest.TestCaseOne()'><b>TestCaseOne</b><br>Test class: testcases.ChromePTest</td>
<td></td>
<td>0</td>
<td>testcases.ChromePTest@35645047</td></tr>
<tr>
<td title='testcases.EdgePTest.TestCaseThree()'><b>TestCaseThree</b><br>Test class: testcases.EdgePTest</td>
<td></td>
<td>0</td>
<td>testcases.EdgePTest@7e5c856f</td></tr>
<tr>
<td title='testcases.ChromePTest.TestCaseThree()'><b>TestCaseThree</b><br>Test class: testcases.ChromePTest</td>
<td></td>
<td>0</td>
<td>testcases.ChromePTest@35645047</td></tr>
<tr>
<td title='testcases.EdgePTest.TestCaseTwo()'><b>TestCaseTwo</b><br>Test class: testcases.EdgePTest</td>
<td></td>
<td>0</td>
<td>testcases.EdgePTest@7e5c856f</td></tr>
<tr>
<td title='testcases.ChromePTest.TestCaseTwo()'><b>TestCaseTwo</b><br>Test class: testcases.ChromePTest</td>
<td></td>
<td>0</td>
<td>testcases.ChromePTest@35645047</td></tr>
</table><p>
</body>
</html>